
================================================================================
LAMDA 顶级人才分析
================================================================================

总共 14 位教授

进度: [1/14]

============================================================
分析教授: 周志华
============================================================
  查询 周志华 的论文... (尝试 1/3)
    ⚠️ API 限流，等待 5 秒...
  查询 周志华 的论文... (尝试 2/3)
  ✓ 找到 6 篇顶级刊物论文

  部分论文:
    - Insights from the international workshop on “Adapting agriculture to climate change and air pollution” (2024) - Environmental science and pollution research international
      引用: 0, 作者: ['Evgenios Agathokleous', 'Lisa Emberson', 'Jie Pei', 'Kazuhiko Kobayashi', 'J. Blande']
    - A Case Study Investigating the Relational Well-Being of International Students at Hohai University Nanjing, Jiangsu Province of China (2024) - Behavioral Science
      引用: 6, 作者: ['Haihua Ying', 'Abdul Rasool Khoso', 'Shahnaz Bhutto']
    - Comparative study on the drug effects and adverse reactions of doxycycline and isotretinoin in the treatment of moderate to severe acne. (2025) - Pakistan Journal of Pharmaceutical Sciences
      引用: 1, 作者: ['Zhijie Zhao', 'Jia Liu', 'Jinlong Huang']
    - Sub-Seasonal Forecast of Global Marine Heatwaves Based on NUIST CFS1.1 (2025) - Advances in Atmospheric Sciences
      引用: 1, 作者: ['Jiale Hu', 'Jianxiang Xu', 'Jing-Jia Luo', 'Jiaqing Xue', 'Yu Nie']
    - Bibliometric analysis of research hotspots and trends of lncRNA in angiogenesis-related diseases (2024) - Zhong nan da xue xue bao. Yi xue ban = Journal of Central South University. Medical sciences
      引用: 0, 作者: ['子聪 Zicong 王 WANG', '冰艳 Bingyan 李 LI', '海祥 Haixiang 周 ZHOU', '俊宇 Junyu 陈 CHEN', '俊烨 Junye 朱 ZHU']
  ❌ 分析出错: 'list' object has no attribute 'most_common'

进度: [2/14]

============================================================
分析教授: 高尉
============================================================
  查询 高尉 的论文... (尝试 1/3)
    ⚠️ API 限流，等待 5 秒...
  查询 高尉 的论文... (尝试 2/3)
    ⚠️ API 限流，等待 10 秒...
  查询 高尉 的论文... (尝试 3/3)
  ✓ 找到 11 篇顶级刊物论文

  部分论文:
    - A novel dual-task paradigm with story recall shows significant differences in the gait kinematics in older adults with cognitive impairment: A cross-sectional study (2022) - Frontiers in Aging Neuroscience
      引用: 14, 作者: ['N. Ali', 'Jin Liu', 'Huifang Tian', 'W. Pan', 'Yao Tang']
    - A Case Study Investigating the Relational Well-Being of International Students at Hohai University Nanjing, Jiangsu Province of China (2024) - Behavioral Science
      引用: 6, 作者: ['Haihua Ying', 'Abdul Rasool Khoso', 'Shahnaz Bhutto']
    - Research on the Paths of Promoting the University Governance by Law—Take C University in Nanjing as an Example (2024) - Academic Journal of Humanities &amp; Social Sciences
      引用: 0, 作者: ['Han Qifei']
    - From University Town to Clone Town — A Case Research on 18-25 Years Students Consumers Purchase Non-Alcoholic Beverages Product Willingness in Nanjing Xianlin University Town (2023) - Frontiers in Management Science
      引用: 0, 作者: ['Dairui Lyu']
    - Parabens in indoor dust from houses, university dormitories, and cosmetics stores in Nanjing, China: occurrence and human exposure (2022) - Environmental science and pollution research international
      引用: 9, 作者: ['Chao Li', 'Xianxian Chen']
  ❌ 分析出错: 'list' object has no attribute 'most_common'

进度: [3/14]

============================================================
分析教授: 姜远
============================================================
  查询 姜远 的论文... (尝试 1/3)
  ✓ 找到 9 篇顶级刊物论文

  部分论文:
    - A Case Study Investigating the Relational Well-Being of International Students at Hohai University Nanjing, Jiangsu Province of China (2024) - Behavioral Science
      引用: 6, 作者: ['Haihua Ying', 'Abdul Rasool Khoso', 'Shahnaz Bhutto']
    - Research on Grouting Pressure of Earth–Rock Dams Reinforced by Polymer Based on Discrete Elements (2025) - Applied Sciences
      引用: 0, 作者: ['Yanyuan Lv', 'Jianxin Wang', 'Hongmei Li', 'Jianing Zhu']
    - Bistatic SAR Automatic Target Recognition With Multichannel Multiview Feature Fusion Network (2024) - IEEE Geoscience and Remote Sensing Letters
      引用: 10, 作者: ['Zhe Geng', 'Wei Li', 'Xiang Yu', 'Daiyin Zhu']
    - Downscaling Seasonal Precipitation Forecasts over East Africa with Deep Convolutional Neural Networks (2024) - Advances in Atmospheric Sciences
      引用: 5, 作者: ['Temesgen Gebremariam Asfaw', 'Jing-Jia Luo']
    - Improving the Seasonal Forecast of Summer Precipitation in Southeastern China Using a CycleGAN-based Deep Learning Bias Correction Method (2024) - Advances in Atmospheric Sciences
      引用: 5, 作者: ['Song Yang', 'Fenghua Ling', 'Jing-Jia Luo', 'Lei Bai']
  ❌ 分析出错: 'list' object has no attribute 'most_common'

进度: [4/14]

============================================================
分析教授: 黎铭
============================================================
  查询 黎铭 的论文... (尝试 1/3)
    ⚠️ API 限流，等待 5 秒...
  查询 黎铭 的论文... (尝试 2/3)
    ⚠️ API 限流，等待 10 秒...
  查询 黎铭 的论文... (尝试 3/3)
    ⚠️ API 限流，等待 15 秒...
  ⚠️ 未找到近5年的顶级刊物论文

进度: [5/14]

============================================================
分析教授: 李宇峰
============================================================
  查询 李宇峰 的论文... (尝试 1/3)
  ✓ 找到 7 篇顶级刊物论文

  部分论文:
    - Insights from the international workshop on “Adapting agriculture to climate change and air pollution” (2024) - Environmental science and pollution research international
      引用: 0, 作者: ['Evgenios Agathokleous', 'Lisa Emberson', 'Jie Pei', 'Kazuhiko Kobayashi', 'J. Blande']
    - Improving Seasonal Prediction of Summer Precipitation in the Middle–Lower Reaches of the Yangtze River Using a TU-Net Deep Learning Approach (2023) - Artificial Intelligence for the Earth Systems
      引用: 8, 作者: ['Shuxian Yang', 'Fenghua Ling', 'Yue Li', 'Jing‐Jia Luo']
    - Design of nanozymes for inflammatory bowel disease therapy (2021) - Science China Life Sciences
      引用: 10, 作者: ['Chaoqun Cheng', 'Sheng Zhao', 'Yuan Cheng', 'Yufeng Liu', 'Hui Wei']
    - A Case Study Investigating the Relational Well-Being of International Students at Hohai University Nanjing, Jiangsu Province of China (2024) - Behavioral Science
      引用: 6, 作者: ['Haihua Ying', 'Abdul Rasool Khoso', 'Shahnaz Bhutto']
    - Beyond dissonance: the transformative power of thought analysis in philosophical practice (2024) - Humanities and Social Sciences Communications
      引用: 2, 作者: ['Xiaojun Ding', 'Caifeng Xie', 'Feng Yu']
  ❌ 分析出错: 'list' object has no attribute 'most_common'

进度: [6/14]

============================================================
分析教授: 钱超
============================================================
  查询 钱超 的论文... (尝试 1/3)
    ⚠️ API 限流，等待 5 秒...
  查询 钱超 的论文... (尝试 2/3)
  ✓ 找到 10 篇顶级刊物论文

  部分论文:
    - A Case Study Investigating the Relational Well-Being of International Students at Hohai University Nanjing, Jiangsu Province of China (2024) - Behavioral Science
      引用: 6, 作者: ['Haihua Ying', 'Abdul Rasool Khoso', 'Shahnaz Bhutto']
    - Bistatic SAR Automatic Target Recognition With Multichannel Multiview Feature Fusion Network (2024) - IEEE Geoscience and Remote Sensing Letters
      引用: 10, 作者: ['Zhe Geng', 'Wei Li', 'Xiang Yu', 'Daiyin Zhu']
    - Downscaling Seasonal Precipitation Forecasts over East Africa with Deep Convolutional Neural Networks (2024) - Advances in Atmospheric Sciences
      引用: 5, 作者: ['Temesgen Gebremariam Asfaw', 'Jing-Jia Luo']
    - Improving the Seasonal Forecast of Summer Precipitation in Southeastern China Using a CycleGAN-based Deep Learning Bias Correction Method (2024) - Advances in Atmospheric Sciences
      引用: 5, 作者: ['Song Yang', 'Fenghua Ling', 'Jing-Jia Luo', 'Lei Bai']
    - Hydrovoltaics brings a new solution in alternative energy: an interview with Prof. Wanlin Guo (2024) - National Science Review
      引用: 2, 作者: ['He Zhu']
  ❌ 分析出错: 'list' object has no attribute 'most_common'

进度: [7/14]

============================================================
分析教授: 王魏
============================================================
  查询 王魏 的论文... (尝试 1/3)
    ⚠️ API 限流，等待 5 秒...
  查询 王魏 的论文... (尝试 2/3)
  ✓ 找到 2 篇顶级刊物论文

  部分论文:
    - Big cohort metabolomic profiling of serum for oral squamous cell carcinoma screening and diagnosis (2021) - NATURAL SCIENCES
      引用: 11, 作者: ['Xihu Yang', 'Xiaowei Song', 'Xudong Yang', 'W. Han', 'Yong Fu']
    - Scabies, incomplete lupus erythematosus and Henoch-Schonlein purpura (2021) - Archives of medical science : AMS
      引用: 1, 作者: ['Y. Wu', 'J. Wang', 'Hui Hui Liu', 'Wei Xia Chen', 'Peng Hu']
  ❌ 分析出错: 'list' object has no attribute 'most_common'

进度: [8/14]

============================================================
分析教授: 吴建鑫
============================================================
  查询 吴建鑫 的论文... (尝试 1/3)
    ⚠️ API 限流，等待 5 秒...
  查询 吴建鑫 的论文... (尝试 2/3)
    ⚠️ API 限流，等待 10 秒...
  查询 吴建鑫 的论文... (尝试 3/3)
    ⚠️ API 限流，等待 15 秒...
  ⚠️ 未找到近5年的顶级刊物论文

进度: [9/14]

============================================================
分析教授: 叶翰嘉
============================================================
  查询 叶翰嘉 的论文... (尝试 1/3)
    ⚠️ API 限流，等待 5 秒...
  查询 叶翰嘉 的论文... (尝试 2/3)
    ⚠️ API 限流，等待 10 秒...
  查询 叶翰嘉 的论文... (尝试 3/3)
    ⚠️ API 限流，等待 15 秒...
  ⚠️ 未找到近5年的顶级刊物论文

进度: [10/14]

============================================================
分析教授: 俞扬
============================================================
  查询 俞扬 的论文... (尝试 1/3)
    ⚠️ API 限流，等待 5 秒...
  查询 俞扬 的论文... (尝试 2/3)
    ⚠️ API 限流，等待 10 秒...
  查询 俞扬 的论文... (尝试 3/3)
  ✓ 找到 9 篇顶级刊物论文

  部分论文:
    - Influence of New Parameterization Schemes on Arctic Sea Ice Simulation (2024) - Journal of Marine Science and Engineering
      引用: 3, 作者: ['Yang Lu', 'Xiaochun Wang', 'Yijun He', 'Jiping Liu', 'Jiangbo Jin']
    - Improving Seasonal Prediction of Summer Precipitation in the Middle–Lower Reaches of the Yangtze River Using a TU-Net Deep Learning Approach (2023) - Artificial Intelligence for the Earth Systems
      引用: 8, 作者: ['Shuxian Yang', 'Fenghua Ling', 'Yue Li', 'Jing‐Jia Luo']
    - Real-time campus resilience monitoring with distributed acoustic sensing: A case study (2025) - Science China Technological Sciences
      引用: 1, 作者: ['Hong-Hu Zhu', 'Jing Wang', 'You-Yi Ruan', 'Qin Wang', 'Gang Cheng']
    - Extraterrestrial artificial photosynthetic materials for in-situ resource utilization (2021) - National Science Review
      引用: 24, 作者: ['Liuqing Yang', 'Ce Zhang', 'Xiwen Yu', 'Yingfang Yao', 'Zhaosheng Li']
    - Insights from the international workshop on “Adapting agriculture to climate change and air pollution” (2024) - Environmental science and pollution research international
      引用: 0, 作者: ['Evgenios Agathokleous', 'Lisa Emberson', 'Jie Pei', 'Kazuhiko Kobayashi', 'J. Blande']
  ❌ 分析出错: 'list' object has no attribute 'most_common'

进度: [11/14]

============================================================
分析教授: 詹德川
============================================================
  查询 詹德川 的论文... (尝试 1/3)
  ✓ 找到 9 篇顶级刊物论文

  部分论文:
    - A Case Study Investigating the Relational Well-Being of International Students at Hohai University Nanjing, Jiangsu Province of China (2024) - Behavioral Science
      引用: 6, 作者: ['Haihua Ying', 'Abdul Rasool Khoso', 'Shahnaz Bhutto']
    - Influence of New Parameterization Schemes on Arctic Sea Ice Simulation (2024) - Journal of Marine Science and Engineering
      引用: 3, 作者: ['Yang Lu', 'Xiaochun Wang', 'Yijun He', 'Jiping Liu', 'Jiangbo Jin']
    - The Nature and Motivation of Human Cooperation from Variant Public Goods Games (2024) - Human Nature
      引用: 1, 作者: ['Yigui Zhang', 'Qin Zhu', 'Zhongqiu Li']
    - [Analysis of clinical features of ruccrent interstitial lung disease in patients with anti-EJ positive antisynthetase syndrome]. (2024) - Beijing da xue xue bao. Yi xue ban = Journal of Peking University. Health sciences
      引用: 0, 作者: ['Yujing Zhu', 'Lei Wang', 'Chengyin Lyu', 'Wenfeng Tan', 'Miaojia Zhang']
    - New era of Chinese solar instruments (2023) - Science China Technological Sciences
      引用: 2, 作者: ['Chuan Li', 'Huiqin Tian', 'Yu Huang']
  ❌ 分析出错: 'list' object has no attribute 'most_common'

进度: [12/14]

============================================================
分析教授: 张利军
============================================================
  查询 张利军 的论文... (尝试 1/3)
  ✓ 找到 7 篇顶级刊物论文

  部分论文:
    - Influence of New Parameterization Schemes on Arctic Sea Ice Simulation (2024) - Journal of Marine Science and Engineering
      引用: 3, 作者: ['Yang Lu', 'Xiaochun Wang', 'Yijun He', 'Jiping Liu', 'Jiangbo Jin']
    - Editorial: Air Pollution Remote Sensing and the Subsequent Interactions with Ecology on Regional Scales - Volume II (2023) - Frontiers in Environmental Science
      引用: 0, 作者: ['Honglei Wang', 'Li-juan Shen', 'Junke Zhang', 'Xinyao Xie', 'X. Guan']
    - Editorial: ENSO Nonlinearity and Complexity: Features, Mechanisms, Impacts and Prediction (2022) - Frontiers in Earth Science
      引用: 6, 作者: ['H. Ren', 'Wenjun Zhang', 'Tao Lian', 'R. Xie', 'Michiya Hayashi']
    - A Case Study Investigating the Relational Well-Being of International Students at Hohai University Nanjing, Jiangsu Province of China (2024) - Behavioral Science
      引用: 6, 作者: ['Haihua Ying', 'Abdul Rasool Khoso', 'Shahnaz Bhutto']
    - Astrocytes-associated research in Parkinson’s disease: an explored trends analysis (2025) - Frontiers in Aging Neuroscience
      引用: 3, 作者: ['Yan-Jun Chen', 'Ming-Rong Xie', 'Shen Zhou', 'Fang Liu']
  ❌ 分析出错: 'list' object has no attribute 'most_common'

进度: [13/14]

============================================================
分析教授: 章宗长
============================================================
  查询 章宗长 的论文... (尝试 1/3)
    ⚠️ API 限流，等待 5 秒...
  查询 章宗长 的论文... (尝试 2/3)
    ⚠️ API 限流，等待 10 秒...
  查询 章宗长 的论文... (尝试 3/3)
  ✓ 找到 11 篇顶级刊物论文

  部分论文:
    - A Case Study Investigating the Relational Well-Being of International Students at Hohai University Nanjing, Jiangsu Province of China (2024) - Behavioral Science
      引用: 6, 作者: ['Haihua Ying', 'Abdul Rasool Khoso', 'Shahnaz Bhutto']
    - Influence of New Parameterization Schemes on Arctic Sea Ice Simulation (2024) - Journal of Marine Science and Engineering
      引用: 3, 作者: ['Yang Lu', 'Xiaochun Wang', 'Yijun He', 'Jiping Liu', 'Jiangbo Jin']
    - The Nature and Motivation of Human Cooperation from Variant Public Goods Games (2024) - Human Nature
      引用: 1, 作者: ['Yigui Zhang', 'Qin Zhu', 'Zhongqiu Li']
    - [Analysis of clinical features of ruccrent interstitial lung disease in patients with anti-EJ positive antisynthetase syndrome]. (2024) - Beijing da xue xue bao. Yi xue ban = Journal of Peking University. Health sciences
      引用: 0, 作者: ['Yujing Zhu', 'Lei Wang', 'Chengyin Lyu', 'Wenfeng Tan', 'Miaojia Zhang']
    - Bistatic SAR Automatic Target Recognition With Multichannel Multiview Feature Fusion Network (2024) - IEEE Geoscience and Remote Sensing Letters
      引用: 10, 作者: ['Zhe Geng', 'Wei Li', 'Xiang Yu', 'Daiyin Zhu']
  ❌ 分析出错: 'list' object has no attribute 'most_common'

进度: [14/14]

============================================================
分析教授: 赵鹏
============================================================
  查询 赵鹏 的论文... (尝试 1/3)
    ⚠️ API 限流，等待 5 秒...
  查询 赵鹏 的论文... (尝试 2/3)
    ⚠️ API 限流，等待 10 秒...
  查询 赵鹏 的论文... (尝试 3/3)
  ✓ 找到 12 篇顶级刊物论文

  部分论文:
    - A Case Study Investigating the Relational Well-Being of International Students at Hohai University Nanjing, Jiangsu Province of China (2024) - Behavioral Science
      引用: 6, 作者: ['Haihua Ying', 'Abdul Rasool Khoso', 'Shahnaz Bhutto']
    - Comparative study on the drug effects and adverse reactions of doxycycline and isotretinoin in the treatment of moderate to severe acne. (2025) - Pakistan Journal of Pharmaceutical Sciences
      引用: 1, 作者: ['Zhijie Zhao', 'Jia Liu', 'Jinlong Huang']
    - Insights from the international workshop on “Adapting agriculture to climate change and air pollution” (2024) - Environmental science and pollution research international
      引用: 0, 作者: ['Evgenios Agathokleous', 'Lisa Emberson', 'Jie Pei', 'Kazuhiko Kobayashi', 'J. Blande']
    - Bistatic SAR Automatic Target Recognition With Multichannel Multiview Feature Fusion Network (2024) - IEEE Geoscience and Remote Sensing Letters
      引用: 10, 作者: ['Zhe Geng', 'Wei Li', 'Xiang Yu', 'Daiyin Zhu']
    - Improving the Seasonal Forecast of Summer Precipitation in Southeastern China Using a CycleGAN-based Deep Learning Bias Correction Method (2024) - Advances in Atmospheric Sciences
      引用: 5, 作者: ['Song Yang', 'Fenghua Ling', 'Jing-Jia Luo', 'Lei Bai']
  ❌ 分析出错: 'list' object has no attribute 'most_common'

⚠️ 没有结果可保存
