
============================================================
📡 Phase 1: 采集 Neal12332 的 Following 列表
============================================================

  📄 Page 1: 获取 100 人 (累计: 100)
  📄 Page 2: 获取 100 人 (累计: 200)
  📄 Page 3: 获取 100 人 (累计: 300)
  📄 Page 4: 获取 100 人 (累计: 400)
  📄 Page 5: 获取 100 人 (累计: 500)
  📄 Page 6: 获取 100 人 (累计: 600)
  📄 Page 7: 获取 100 人 (累计: 700)
  📄 Page 8: 获取 100 人 (累计: 800)
  📄 Page 9: 获取 100 人 (累计: 900)
  📄 Page 10: 获取 100 人 (累计: 1000)
  📄 Page 11: 获取 100 人 (累计: 1100)
  📄 Page 12: 获取 100 人 (累计: 1200)
  📄 Page 13: 获取 100 人 (累计: 1300)
  📄 Page 14: 获取 100 人 (累计: 1400)
  📄 Page 15: 获取 100 人 (累计: 1500)
  📄 Page 16: 获取 100 人 (累计: 1600)
  📄 Page 17: 获取 100 人 (累计: 1700)
  📄 Page 18: 获取 100 人 (累计: 1800)
  📄 Page 19: 获取 100 人 (累计: 1900)
  📄 Page 20: 获取 100 人 (累计: 2000)
  📄 Page 21: 获取 100 人 (累计: 2100)
  📄 Page 22: 获取 100 人 (累计: 2200)
  📄 Page 23: 获取 100 人 (累计: 2300)
  📄 Page 24: 获取 100 人 (累计: 2400)
  📄 Page 25: 获取 100 人 (累计: 2500)
  📄 Page 26: 获取 100 人 (累计: 2600)
  📄 Page 27: 获取 100 人 (累计: 2700)
  📄 Page 28: 获取 100 人 (累计: 2800)
  📄 Page 29: 获取 100 人 (累计: 2900)
  📄 Page 30: 获取 100 人 (累计: 3000)
  📄 Page 31: 获取 100 人 (累计: 3100)
  📄 Page 32: 获取 100 人 (累计: 3200)
  📄 Page 33: 获取 100 人 (累计: 3300)
  📄 Page 34: 获取 100 人 (累计: 3400)
  📄 Page 35: 获取 100 人 (累计: 3500)
  📄 Page 36: 获取 100 人 (累计: 3600)
  📄 Page 37: 获取 100 人 (累计: 3700)
  📄 Page 38: 获取 100 人 (累计: 3800)
  📄 Page 39: 获取 100 人 (累计: 3900)
  📄 Page 40: 获取 100 人 (累计: 4000)
  📄 Page 41: 获取 100 人 (累计: 4100)
  📄 Page 42: 获取 100 人 (累计: 4200)
  📄 Page 43: 获取 100 人 (累计: 4300)
  📄 Page 44: 获取 100 人 (累计: 4400)
  📄 Page 45: 获取 100 人 (累计: 4500)
  📄 Page 46: 获取 100 人 (累计: 4600)
  📄 Page 47: 获取 100 人 (累计: 4700)
  📄 Page 48: 获取 100 人 (累计: 4800)
  📄 Page 49: 获取 100 人 (累计: 4900)
  📄 Page 50: 获取 100 人 (累计: 5000)
  📄 Page 51: 获取 100 人 (累计: 5100)
  📄 Page 52: 获取 100 人 (累计: 5200)
  📄 Page 53: 获取 100 人 (累计: 5300)
  📄 Page 54: 获取 100 人 (累计: 5400)
  📄 Page 55: 获取 100 人 (累计: 5500)
  📄 Page 56: 获取 100 人 (累计: 5600)
  📄 Page 57: 获取 100 人 (累计: 5700)
  📄 Page 58: 获取 100 人 (累计: 5800)
  📄 Page 59: 获取 100 人 (累计: 5900)
  📄 Page 60: 获取 100 人 (累计: 6000)
  📄 Page 61: 获取 81 人 (累计: 6081)

✅ 共采集 6081 个 Following 用户

📊 开始获取详细用户资料...
  进度: 50/6081 (0%)
  进度: 100/6081 (1%)
  进度: 150/6081 (2%)
  💾 中间保存: 200 人
  进度: 200/6081 (3%)
  进度: 250/6081 (4%)
  进度: 300/6081 (4%)
  进度: 350/6081 (5%)
  💾 中间保存: 400 人
  进度: 400/6081 (6%)
  进度: 450/6081 (7%)
  进度: 500/6081 (8%)
  进度: 550/6081 (9%)
  💾 中间保存: 600 人
  进度: 600/6081 (9%)
  进度: 650/6081 (10%)
  进度: 700/6081 (11%)
  进度: 750/6081 (12%)
  💾 中间保存: 800 人
  进度: 800/6081 (13%)
  进度: 850/6081 (13%)
  进度: 900/6081 (14%)
  进度: 950/6081 (15%)
  💾 中间保存: 1000 人
  进度: 1000/6081 (16%)
  进度: 1050/6081 (17%)
  进度: 1100/6081 (18%)
  进度: 1150/6081 (18%)
  💾 中间保存: 1200 人
  进度: 1200/6081 (19%)
  进度: 1250/6081 (20%)
  进度: 1300/6081 (21%)
  进度: 1350/6081 (22%)
  💾 中间保存: 1400 人
  进度: 1400/6081 (23%)
  进度: 1450/6081 (23%)
  进度: 1500/6081 (24%)
  进度: 1550/6081 (25%)
  💾 中间保存: 1600 人
  进度: 1600/6081 (26%)
  进度: 1650/6081 (27%)
  进度: 1700/6081 (27%)
  进度: 1750/6081 (28%)
❌ 请求错误: HTTPSConnectionPool(host='api.github.com', port=443): Read timed out. (read timeout=15)
  💾 中间保存: 1800 人
  进度: 1800/6081 (29%)
  进度: 1850/6081 (30%)
  进度: 1900/6081 (31%)
  进度: 1950/6081 (32%)
  💾 中间保存: 2000 人
  进度: 2000/6081 (32%)
  进度: 2050/6081 (33%)
  进度: 2100/6081 (34%)
  进度: 2150/6081 (35%)
  💾 中间保存: 2200 人
  进度: 2200/6081 (36%)
  进度: 2250/6081 (37%)
  进度: 2300/6081 (37%)
  进度: 2350/6081 (38%)
  💾 中间保存: 2400 人
  进度: 2400/6081 (39%)
  进度: 2450/6081 (40%)
  进度: 2500/6081 (41%)
⚠️ 速率限制即将触发，等待 1478s...
  进度: 2550/6081 (41%)
  💾 中间保存: 2600 人
  进度: 2600/6081 (42%)
  进度: 2650/6081 (43%)
  进度: 2700/6081 (44%)
  进度: 2750/6081 (45%)
  💾 中间保存: 2800 人
  进度: 2800/6081 (46%)
  进度: 2850/6081 (46%)
  进度: 2900/6081 (47%)
  进度: 2950/6081 (48%)
  💾 中间保存: 3000 人
  进度: 3000/6081 (49%)
  进度: 3050/6081 (50%)
  进度: 3100/6081 (50%)
  进度: 3150/6081 (51%)
  💾 中间保存: 3200 人
  进度: 3200/6081 (52%)
  进度: 3250/6081 (53%)
  进度: 3300/6081 (54%)
  进度: 3350/6081 (55%)
  💾 中间保存: 3400 人
  进度: 3400/6081 (55%)
  进度: 3450/6081 (56%)
  进度: 3500/6081 (57%)
  进度: 3550/6081 (58%)
  💾 中间保存: 3600 人
  进度: 3600/6081 (59%)
  进度: 3650/6081 (60%)
  进度: 3700/6081 (60%)
  进度: 3750/6081 (61%)
  💾 中间保存: 3800 人
  进度: 3800/6081 (62%)
  进度: 3850/6081 (63%)
  进度: 3900/6081 (64%)
  进度: 3950/6081 (64%)
  💾 中间保存: 4000 人
  进度: 4000/6081 (65%)
  进度: 4050/6081 (66%)
  进度: 4100/6081 (67%)
  进度: 4150/6081 (68%)
  💾 中间保存: 4200 人
  进度: 4200/6081 (69%)
  进度: 4250/6081 (69%)
  进度: 4300/6081 (70%)
  进度: 4350/6081 (71%)
  💾 中间保存: 4400 人
  进度: 4400/6081 (72%)
  进度: 4450/6081 (73%)
  进度: 4500/6081 (74%)
  进度: 4550/6081 (74%)
  💾 中间保存: 4600 人
  进度: 4600/6081 (75%)
  进度: 4650/6081 (76%)
  进度: 4700/6081 (77%)
  进度: 4750/6081 (78%)
❌ 请求错误: HTTPSConnectionPool(host='api.github.com', port=443): Read timed out. (read timeout=15)
  💾 中间保存: 4800 人
  进度: 4800/6081 (78%)
  进度: 4850/6081 (79%)
  进度: 4900/6081 (80%)
  进度: 4950/6081 (81%)
  💾 中间保存: 5000 人
  进度: 5000/6081 (82%)
  进度: 5050/6081 (83%)
  进度: 5100/6081 (83%)
  进度: 5150/6081 (84%)
  💾 中间保存: 5200 人
  进度: 5200/6081 (85%)
  进度: 5250/6081 (86%)
  进度: 5300/6081 (87%)
  进度: 5350/6081 (87%)
  💾 中间保存: 5400 人
  进度: 5400/6081 (88%)
  进度: 5450/6081 (89%)
  进度: 5500/6081 (90%)
  进度: 5550/6081 (91%)
  💾 中间保存: 5600 人
  进度: 5600/6081 (92%)
  进度: 5650/6081 (92%)
  进度: 5700/6081 (93%)
  进度: 5750/6081 (94%)
  💾 中间保存: 5800 人
  进度: 5800/6081 (95%)
  进度: 5850/6081 (96%)
  进度: 5900/6081 (97%)
  进度: 5950/6081 (97%)
  💾 中间保存: 6000 人
  进度: 6000/6081 (98%)
  进度: 6050/6081 (99%)

✅ Phase 1 完成! 共 6081 人详细资料已保存
   API 请求总数: 6144
050/6081 (99%)

✅ 断点续传完成! 共 6081 人
